# Logfile created on Mon Oct 25 15:27:43 +0800 2010 by logger.rb/22285
  [4;36;1mSQL (0.3ms)[0m   [0;1m SELECT name
 FROM sqlite_master
 WHERE type = 'table' AND NOT name = 'sqlite_sequence'
[0m
  [4;35;1mSQL (0.1ms)[0m   [0mselect sqlite_version(*)[0m
  [4;36;1mSQL (3.1ms)[0m   [0;1mCREATE TABLE "schema_migrations" ("version" varchar(255) NOT NULL) [0m
  [4;35;1mSQL (2.0ms)[0m   [0mCREATE UNIQUE INDEX "unique_schema_migrations" ON "schema_migrations" ("version")[0m
  [4;36;1mSQL (0.3ms)[0m   [0;1m SELECT name
 FROM sqlite_master
 WHERE type = 'table' AND NOT name = 'sqlite_sequence'
[0m
  [4;35;1mSQL (0.2ms)[0m   [0mSELECT version FROM schema_migrations[0m
Migrating to CreateProducts (20080601000001)
  [4;36;1mSQL (1.9ms)[0m   [0;1mCREATE TABLE "products" ("id" INTEGER PRIMARY KEY AUTOINCREMENT NOT NULL, "title" varchar(255), "description" text, "image_url" varchar(255), "created_at" datetime, "updated_at" datetime) [0m
  [4;35;1mSQL (1.3ms)[0m   [0mINSERT INTO schema_migrations (version) VALUES ('20080601000001')[0m
Migrating to AddPriceToProduct (20080601000002)
  [4;36;1mSQL (1.8ms)[0m   [0;1mALTER TABLE "products" ADD "price" decimal(8,2) DEFAULT 0[0m
  [4;35;1mSQL (3.4ms)[0m   [0mVACUUM[0m
  [4;36;1mSQL (2.0ms)[0m   [0;1mINSERT INTO schema_migrations (version) VALUES ('20080601000002')[0m
Migrating to AddTestData (20080601000003)
  [4;35;1mProduct Delete all (0.8ms)[0m   [0mDELETE FROM "products" WHERE 1=1[0m
  [4;36;1mProduct Exists (0.2ms)[0m   [0;1mSELECT "products".id FROM "products" WHERE ("products"."title" = 'Pragmatic Project Automation') LIMIT 1[0m
  [4;35;1mProduct Create (0.3ms)[0m   [0mINSERT INTO "products" ("price", "created_at", "title", "image_url", "updated_at", "description") VALUES(29.95, '2010-10-25 07:27:43', 'Pragmatic Project Automation', '/images/auto.jpg', '2010-10-25 07:27:43', '<p>
 <em>Pragmatic Project Automation</em> shows you how to improve the 
 consistency and repeatability of your project''s procedures using 
 automation to reduce risk and errors.
 </p>
 <p>
 Simply put, we''re going to put this thing called a computer to work 
 for you doing the mundane (but important) project stuff. That means 
 you''ll have more time and energy to do the really 
 exciting---and difficult---stuff, like writing quality code.
 </p>')[0m
  [4;36;1mProduct Exists (0.3ms)[0m   [0;1mSELECT "products".id FROM "products" WHERE ("products"."title" = 'Pragmatic Version Control') LIMIT 1[0m
  [4;35;1mProduct Create (0.4ms)[0m   [0mINSERT INTO "products" ("price", "created_at", "title", "image_url", "updated_at", "description") VALUES(28.5, '2010-10-25 07:27:43', 'Pragmatic Version Control', '/images/svn.jpg', '2010-10-25 07:27:43', '<p>
 This book is a recipe-based approach to using Subversion that will 
 get you up and running quickly---and correctly. All projects need
 version control: it''s a foundational piece of any project''s 
 infrastructure. Yet half of all project teams in the U.S. don''t use
 any version control at all. Many others don''t use it well, and end 
 up experiencing time-consuming problems.
 </p>')[0m
  [4;36;1mProduct Exists (0.2ms)[0m   [0;1mSELECT "products".id FROM "products" WHERE ("products"."title" = 'Pragmatic Unit Testing (C#)') LIMIT 1[0m
  [4;35;1mProduct Create (0.4ms)[0m   [0mINSERT INTO "products" ("price", "created_at", "title", "image_url", "updated_at", "description") VALUES(27.75, '2010-10-25 07:27:43', 'Pragmatic Unit Testing (C#)', '/images/utc.jpg', '2010-10-25 07:27:43', '<p>
 Pragmatic programmers use feedback to drive their development and 
 personal processes. The most valuable feedback you can get while 
 coding comes from unit testing.
 </p>
 <p>
 Without good tests in place, coding can become a frustrating game of 
 "whack-a-mole." That''s the carnival game where the player strikes at a 
 mechanical mole; it retreats and another mole pops up on the opposite side 
 of the field. The moles pop up and down so fast that you end up flailing 
 your mallet helplessly as the moles continue to pop up where you least 
 expect them.
 </p>')[0m
  [4;36;1mSQL (2.1ms)[0m   [0;1mINSERT INTO schema_migrations (version) VALUES ('20080601000003')[0m
Migrating to CreateSessions (20080601000004)
  [4;35;1mSQL (2.3ms)[0m   [0mCREATE TABLE "sessions" ("id" INTEGER PRIMARY KEY AUTOINCREMENT NOT NULL, "session_id" varchar(255) NOT NULL, "data" text, "created_at" datetime, "updated_at" datetime) [0m
  [4;36;1mSQL (2.0ms)[0m   [0;1mCREATE INDEX "index_sessions_on_session_id" ON "sessions" ("session_id")[0m
  [4;35;1mSQL (1.9ms)[0m   [0mCREATE INDEX "index_sessions_on_updated_at" ON "sessions" ("updated_at")[0m
  [4;36;1mSQL (1.7ms)[0m   [0;1mINSERT INTO schema_migrations (version) VALUES ('20080601000004')[0m
Migrating to CreateOrders (20080601000005)
  [4;35;1mSQL (2.1ms)[0m   [0mCREATE TABLE "orders" ("id" INTEGER PRIMARY KEY AUTOINCREMENT NOT NULL, "name" varchar(255), "address" text, "email" varchar(255), "pay_type" varchar(10), "created_at" datetime, "updated_at" datetime) [0m
  [4;36;1mSQL (1.9ms)[0m   [0;1mINSERT INTO schema_migrations (version) VALUES ('20080601000005')[0m
Migrating to CreateLineItems (20080601000006)
  [4;35;1mSQL (1.8ms)[0m   [0mCREATE TABLE "line_items" ("id" INTEGER PRIMARY KEY AUTOINCREMENT NOT NULL, "product_id" integer NOT NULL, "order_id" integer NOT NULL, "quantity" integer NOT NULL, "total_price" decimal(8,2) NOT NULL, "created_at" datetime, "updated_at" datetime) [0m
  [4;36;1mSQL (1.8ms)[0m   [0;1mINSERT INTO schema_migrations (version) VALUES ('20080601000006')[0m
Migrating to CreateUsers (20080601000007)
  [4;35;1mSQL (2.2ms)[0m   [0mCREATE TABLE "users" ("id" INTEGER PRIMARY KEY AUTOINCREMENT NOT NULL, "name" varchar(255), "hashed_password" varchar(255), "salt" varchar(255), "created_at" datetime, "updated_at" datetime) [0m
  [4;36;1mSQL (2.2ms)[0m   [0;1mINSERT INTO schema_migrations (version) VALUES ('20080601000007')[0m
  [4;35;1mSQL (0.4ms)[0m   [0m SELECT name
 FROM sqlite_master
 WHERE type = 'table' AND NOT name = 'sqlite_sequence'
[0m
  [4;36;1mSQL (0.4ms)[0m   [0;1mSELECT version FROM schema_migrations[0m
  [4;35;1mSQL (0.4ms)[0m   [0m SELECT name
 FROM sqlite_master
 WHERE type = 'table' AND NOT name = 'sqlite_sequence'
[0m
  [4;36;1mSQL (0.0ms)[0m   [0;1mPRAGMA index_list("line_items")[0m
  [4;35;1mSQL (0.0ms)[0m   [0mPRAGMA index_list("orders")[0m
  [4;36;1mSQL (0.0ms)[0m   [0;1mPRAGMA index_list("products")[0m
  [4;35;1mSQL (0.1ms)[0m   [0mPRAGMA index_list("sessions")[0m
  [4;36;1mSQL (0.1ms)[0m   [0;1mPRAGMA index_info('index_sessions_on_updated_at')[0m
  [4;35;1mSQL (0.1ms)[0m   [0mPRAGMA index_info('index_sessions_on_session_id')[0m
  [4;36;1mSQL (0.0ms)[0m   [0;1mPRAGMA index_list("users")[0m


Processing AdminController#index (for 127.0.0.1 at 2010-10-25 15:27:51) [GET]
  Session ID: 9debb79c5d1330f1d1bc4652a2ee5cdb
  [4;36;1mUser Load (0.2ms)[0m   [0;1mSELECT * FROM "users" WHERE ("users"."id" IS NULL) LIMIT 1[0m
Redirected to actionlogincontrolleradmin
Filter chain halted as [:authorize] rendered_or_redirected.
Completed in 6ms (DB: 0) | 302 Found [http://0.0.0.0/admin]


Processing AdminController#login (for 127.0.0.1 at 2010-10-25 15:27:51) [GET]
  Session ID: 9debb79c5d1330f1d1bc4652a2ee5cdb
Rendering template within layouts/store
Rendering admin/login
Completed in 7ms (View: 6, DB: 1) | 200 OK [http://0.0.0.0/admin/login]


Processing StoreController#index (for 127.0.0.1 at 2010-10-25 15:27:58) [GET]
  Session ID: 9debb79c5d1330f1d1bc4652a2ee5cdb
  [4;35;1mProduct Load (0.4ms)[0m   [0mSELECT * FROM "products" ORDER BY title[0m
Rendering template within layouts/store
Rendering store/index
Rendered store/_cart (1.3ms)
Completed in 57ms (View: 49, DB: 1) | 200 OK [http://0.0.0.0/store]
